{"C:\\Users\\yongj\\dev\\node\\20-1-lecture-alarm\\src\\middleware\\apiDocs.ts": {"path":"C:\\Users\\yongj\\dev\\node\\20-1-lecture-alarm\\src\\middleware\\apiDocs.ts","statementMap":{"0":{"start":{"line":2,"column":0},"end":{"line":2,"column":43}},"1":{"start":{"line":3,"column":0},"end":{"line":3,"column":53}},"2":{"start":{"line":5,"column":13},"end":{"line":7,"column":2}},"3":{"start":{"line":6,"column":2},"end":{"line":6,"column":77}}},"fnMap":{"0":{"name":"(anonymous_1)","decl":{"start":{"line":5,"column":29},"end":{"line":5,"column":30}},"loc":{"start":{"line":5,"column":48},"end":{"line":7,"column":1}}}},"branchMap":{},"s":{"0":1,"1":1,"2":1,"3":2},"f":{"0":2},"b":{}}
,"C:\\Users\\yongj\\dev\\node\\20-1-lecture-alarm\\src\\middleware\\checks.ts": {"path":"C:\\Users\\yongj\\dev\\node\\20-1-lecture-alarm\\src\\middleware\\checks.ts","statementMap":{"0":{"start":{"line":2,"column":0},"end":{"line":2,"column":51}},"1":{"start":{"line":4,"column":13},"end":{"line":14,"column":2}},"2":{"start":{"line":9,"column":2},"end":{"line":13,"column":null}},"3":{"start":{"line":10,"column":4},"end":{"line":10,"column":57}},"4":{"start":{"line":12,"column":4},"end":{"line":12,"column":11}}},"fnMap":{"0":{"name":"(anonymous_0)","decl":{"start":{"line":4,"column":34},"end":{"line":4,"column":null}},"loc":{"start":{"line":8,"column":4},"end":{"line":14,"column":1}}}},"branchMap":{"0":{"loc":{"start":{"line":9,"column":2},"end":{"line":13,"column":null}},"type":"if","locations":[{"start":{"line":9,"column":2},"end":{"line":13,"column":null}},{"start":{"line":9,"column":2},"end":{"line":13,"column":null}}]}},"s":{"0":1,"1":1,"2":2,"3":1,"4":1},"f":{"0":2},"b":{"0":[1,1]}}
,"C:\\Users\\yongj\\dev\\node\\20-1-lecture-alarm\\src\\middleware\\common.ts": {"path":"C:\\Users\\yongj\\dev\\node\\20-1-lecture-alarm\\src\\middleware\\common.ts","statementMap":{"0":{"start":{"line":2,"column":0},"end":{"line":2,"column":24}},"1":{"start":{"line":3,"column":0},"end":{"line":3,"column":33}},"2":{"start":{"line":4,"column":0},"end":{"line":4,"column":38}},"3":{"start":{"line":6,"column":13},"end":{"line":7,"column":56}},"4":{"start":{"line":7,"column":2},"end":{"line":7,"column":55}},"5":{"start":{"line":9,"column":13},"end":{"line":12,"column":2}},"6":{"start":{"line":10,"column":2},"end":{"line":10,"column":52}},"7":{"start":{"line":11,"column":2},"end":{"line":11,"column":28}},"8":{"start":{"line":14,"column":13},"end":{"line":16,"column":2}},"9":{"start":{"line":15,"column":2},"end":{"line":15,"column":28}}},"fnMap":{"0":{"name":"(anonymous_1)","decl":{"start":{"line":6,"column":26},"end":{"line":6,"column":27}},"loc":{"start":{"line":7,"column":2},"end":{"line":7,"column":55}}},"1":{"name":"(anonymous_2)","decl":{"start":{"line":9,"column":40},"end":{"line":9,"column":41}},"loc":{"start":{"line":9,"column":59},"end":{"line":12,"column":1}}},"2":{"name":"(anonymous_3)","decl":{"start":{"line":14,"column":33},"end":{"line":14,"column":34}},"loc":{"start":{"line":14,"column":52},"end":{"line":16,"column":1}}}},"branchMap":{},"s":{"0":1,"1":1,"2":1,"3":1,"4":2,"5":1,"6":2,"7":2,"8":1,"9":2},"f":{"0":2,"1":2,"2":2},"b":{}}
,"C:\\Users\\yongj\\dev\\node\\20-1-lecture-alarm\\src\\middleware\\errorHandlers.ts": {"path":"C:\\Users\\yongj\\dev\\node\\20-1-lecture-alarm\\src\\middleware\\errorHandlers.ts","statementMap":{"0":{"start":{"line":2,"column":0},"end":{"line":2,"column":54}},"1":{"start":{"line":4,"column":23},"end":{"line":8,"column":1}},"2":{"start":{"line":5,"column":2},"end":{"line":7,"column":5}},"3":{"start":{"line":6,"column":4},"end":{"line":6,"column":33}},"4":{"start":{"line":10,"column":26},"end":{"line":14,"column":1}},"5":{"start":{"line":11,"column":2},"end":{"line":13,"column":5}},"6":{"start":{"line":12,"column":4},"end":{"line":12,"column":45}},"7":{"start":{"line":16,"column":26},"end":{"line":20,"column":1}},"8":{"start":{"line":17,"column":2},"end":{"line":19,"column":5}},"9":{"start":{"line":18,"column":4},"end":{"line":18,"column":45}},"10":{"start":{"line":22,"column":0},"end":{"line":22,"column":70}}},"fnMap":{"0":{"name":"(anonymous_1)","decl":{"start":{"line":4,"column":23},"end":{"line":4,"column":24}},"loc":{"start":{"line":4,"column":42},"end":{"line":8,"column":1}}},"1":{"name":"(anonymous_2)","decl":{"start":{"line":5,"column":13},"end":{"line":5,"column":14}},"loc":{"start":{"line":5,"column":45},"end":{"line":7,"column":3}}},"2":{"name":"(anonymous_3)","decl":{"start":{"line":10,"column":26},"end":{"line":10,"column":27}},"loc":{"start":{"line":10,"column":45},"end":{"line":14,"column":1}}},"3":{"name":"(anonymous_4)","decl":{"start":{"line":11,"column":13},"end":{"line":11,"column":14}},"loc":{"start":{"line":11,"column":77},"end":{"line":13,"column":3}}},"4":{"name":"(anonymous_5)","decl":{"start":{"line":16,"column":26},"end":{"line":16,"column":27}},"loc":{"start":{"line":16,"column":45},"end":{"line":20,"column":1}}},"5":{"name":"(anonymous_6)","decl":{"start":{"line":17,"column":13},"end":{"line":17,"column":14}},"loc":{"start":{"line":17,"column":77},"end":{"line":19,"column":3}}}},"branchMap":{},"s":{"0":1,"1":1,"2":2,"3":0,"4":1,"5":2,"6":1,"7":1,"8":2,"9":0,"10":1},"f":{"0":2,"1":0,"2":2,"3":1,"4":2,"5":0},"b":{}}
,"C:\\Users\\yongj\\dev\\node\\20-1-lecture-alarm\\src\\middleware\\index.ts": {"path":"C:\\Users\\yongj\\dev\\node\\20-1-lecture-alarm\\src\\middleware\\index.ts","statementMap":{"0":{"start":{"line":1,"column":0},"end":{"line":1,"column":null}},"1":{"start":{"line":7,"column":0},"end":{"line":7,"column":42}},"2":{"start":{"line":9,"column":0},"end":{"line":14,"column":2}}},"fnMap":{},"branchMap":{},"s":{"0":1,"1":1,"2":1},"f":{},"b":{}}
,"C:\\Users\\yongj\\dev\\node\\20-1-lecture-alarm\\src\\services\\search\\SearchController.ts": {"path":"C:\\Users\\yongj\\dev\\node\\20-1-lecture-alarm\\src\\services\\search\\SearchController.ts","statementMap":{"0":{"start":{"line":1,"column":0},"end":{"line":1,"column":9}},"1":{"start":{"line":3,"column":9},"end":{"line":1,"column":58}}},"fnMap":{},"branchMap":{},"s":{"0":1,"1":1},"f":{},"b":{}}
,"C:\\Users\\yongj\\dev\\node\\20-1-lecture-alarm\\src\\services\\search\\routes.ts": {"path":"C:\\Users\\yongj\\dev\\node\\20-1-lecture-alarm\\src\\services\\search\\routes.ts","statementMap":{"0":{"start":{"line":2,"column":0},"end":{"line":2,"column":49}},"1":{"start":{"line":3,"column":0},"end":{"line":3,"column":61}},"2":{"start":{"line":5,"column":0},"end":{"line":17,"column":2}},"3":{"start":{"line":11,"column":50},"end":{"line":14,"column":null}},"4":{"start":{"line":12,"column":25},"end":{"line":12,"column":58}},"5":{"start":{"line":13,"column":8},"end":{"line":13,"column":27}}},"fnMap":{"0":{"name":"(anonymous_7)","decl":{"start":{"line":11,"column":6},"end":{"line":11,"column":13}},"loc":{"start":{"line":11,"column":50},"end":{"line":14,"column":null}}},"1":{"name":"(anonymous_8)","decl":{"start":{"line":11,"column":50},"end":{"line":11,"column":null}},"loc":{"start":{"line":11,"column":50},"end":{"line":14,"column":7}}}},"branchMap":{},"s":{"0":1,"1":1,"2":1,"3":1,"4":1,"5":1},"f":{"0":1,"1":1},"b":{}}
,"C:\\Users\\yongj\\dev\\node\\20-1-lecture-alarm\\src\\services\\search\\providers\\LectureProvider.ts": {"path":"C:\\Users\\yongj\\dev\\node\\20-1-lecture-alarm\\src\\services\\search\\providers\\LectureProvider.ts","statementMap":{"0":{"start":{"line":1,"column":0},"end":{"line":1,"column":38}},"1":{"start":{"line":2,"column":0},"end":{"line":2,"column":30}},"2":{"start":{"line":18,"column":12},"end":{"line":18,"column":71}},"3":{"start":{"line":20,"column":18},"end":{"line":30,"column":1}},"4":{"start":{"line":21,"column":2},"end":{"line":29,"column":4}},"5":{"start":{"line":32,"column":24},"end":{"line":33,"column":50}},"6":{"start":{"line":33,"column":2},"end":{"line":33,"column":50}},"7":{"start":{"line":35,"column":13},"end":{"line":39,"column":28}},"8":{"start":{"line":36,"column":2},"end":{"line":39,"column":28}},"9":{"start":{"line":42,"column":2},"end":{"line":46,"column":null}},"10":{"start":{"line":43,"column":4},"end":{"line":43,"column":47}},"11":{"start":{"line":45,"column":4},"end":{"line":45,"column":17}},"12":{"start":{"line":49,"column":13},"end":{"line":80,"column":2}},"13":{"start":{"line":49,"column":74},"end":{"line":80,"column":2}},"14":{"start":{"line":50,"column":15},"end":{"line":50,"column":46}},"15":{"start":{"line":51,"column":12},"end":{"line":51,"column":30}},"16":{"start":{"line":53,"column":14},"end":{"line":53,"column":31}},"17":{"start":{"line":55,"column":30},"end":{"line":77,"column":10}},"18":{"start":{"line":57,"column":6},"end":{"line":57,"column":25}},"19":{"start":{"line":57,"column":18},"end":{"line":57,"column":25}},"20":{"start":{"line":59,"column":18},"end":{"line":59,"column":38}},"21":{"start":{"line":61,"column":50},"end":{"line":62,"column":null}},"22":{"start":{"line":62,"column":8},"end":{"line":62,"column":30}},"23":{"start":{"line":65,"column":31},"end":{"line":73,"column":8}},"24":{"start":{"line":75,"column":6},"end":{"line":75,"column":21}},"25":{"start":{"line":79,"column":2},"end":{"line":79,"column":18}}},"fnMap":{"0":{"name":"(anonymous_8)","decl":{"start":{"line":20,"column":18},"end":{"line":20,"column":19}},"loc":{"start":{"line":20,"column":39},"end":{"line":30,"column":1}}},"1":{"name":"(anonymous_9)","decl":{"start":{"line":32,"column":24},"end":{"line":32,"column":25}},"loc":{"start":{"line":33,"column":2},"end":{"line":33,"column":50}}},"2":{"name":"(anonymous_10)","decl":{"start":{"line":35,"column":13},"end":{"line":35,"column":14}},"loc":{"start":{"line":36,"column":2},"end":{"line":39,"column":28}}},"3":{"name":"isEmpty","decl":{"start":{"line":41,"column":9},"end":{"line":41,"column":16}},"loc":{"start":{"line":41,"column":31},"end":{"line":47,"column":1}}},"4":{"name":"(anonymous_12)","decl":{"start":{"line":49,"column":27},"end":{"line":49,"column":34}},"loc":{"start":{"line":49,"column":74},"end":{"line":80,"column":2}}},"5":{"name":"(anonymous_13)","decl":{"start":{"line":49,"column":74},"end":{"line":49,"column":null}},"loc":{"start":{"line":49,"column":74},"end":{"line":80,"column":1}}},"6":{"name":"(anonymous_14)","decl":{"start":{"line":56,"column":9},"end":{"line":56,"column":10}},"loc":{"start":{"line":56,"column":23},"end":{"line":76,"column":5}}},"7":{"name":"(anonymous_15)","decl":{"start":{"line":61,"column":73},"end":{"line":61,"column":74}},"loc":{"start":{"line":62,"column":8},"end":{"line":62,"column":30}}}},"branchMap":{"0":{"loc":{"start":{"line":26,"column":38},"end":{"line":26,"column":41}},"type":"cond-expr","locations":[{"start":{"line":26,"column":38},"end":{"line":26,"column":41}},{"start":{"line":26,"column":44},"end":{"line":26,"column":47}}]},"1":{"loc":{"start":{"line":43,"column":19},"end":{"line":43,"column":25}},"type":"binary-expr","locations":[{"start":{"line":43,"column":19},"end":{"line":43,"column":25}},{"start":{"line":43,"column":29},"end":{"line":43,"column":45}}]},"2":{"loc":{"start":{"line":57,"column":6},"end":{"line":57,"column":25}},"type":"if","locations":[{"start":{"line":57,"column":6},"end":{"line":57,"column":25}},{"start":{"line":57,"column":6},"end":{"line":57,"column":25}}]}},"s":{"0":2,"1":2,"2":2,"3":2,"4":2,"5":2,"6":2,"7":2,"8":10,"9":2,"10":2,"11":0,"12":2,"13":2,"14":2,"15":2,"16":2,"17":2,"18":4,"19":2,"20":2,"21":2,"22":10,"23":2,"24":2,"25":2},"f":{"0":2,"1":2,"2":10,"3":2,"4":2,"5":2,"6":4,"7":10},"b":{"0":[2,0],"1":[2,2],"2":[2,2]}}
,"C:\\Users\\yongj\\dev\\node\\20-1-lecture-alarm\\src\\utils\\ErrorHandler.ts": {"path":"C:\\Users\\yongj\\dev\\node\\20-1-lecture-alarm\\src\\utils\\ErrorHandler.ts","statementMap":{"0":{"start":{"line":2,"column":0},"end":{"line":2,"column":68}},"1":{"start":{"line":4,"column":13},"end":{"line":6,"column":2}},"2":{"start":{"line":5,"column":2},"end":{"line":5,"column":46}},"3":{"start":{"line":8,"column":13},"end":{"line":15,"column":2}},"4":{"start":{"line":9,"column":2},"end":{"line":14,"column":null}},"5":{"start":{"line":10,"column":4},"end":{"line":10,"column":22}},"6":{"start":{"line":11,"column":4},"end":{"line":11,"column":49}},"7":{"start":{"line":13,"column":4},"end":{"line":13,"column":14}},"8":{"start":{"line":17,"column":13},"end":{"line":24,"column":2}},"9":{"start":{"line":18,"column":2},"end":{"line":18,"column":21}},"10":{"start":{"line":19,"column":2},"end":{"line":23,"column":null}},"11":{"start":{"line":20,"column":4},"end":{"line":20,"column":50}},"12":{"start":{"line":22,"column":4},"end":{"line":22,"column":36}}},"fnMap":{"0":{"name":"(anonymous_0)","decl":{"start":{"line":4,"column":29},"end":{"line":4,"column":32}},"loc":{"start":{"line":4,"column":34},"end":{"line":6,"column":1}}},"1":{"name":"(anonymous_1)","decl":{"start":{"line":8,"column":27},"end":{"line":8,"column":28}},"loc":{"start":{"line":8,"column":77},"end":{"line":15,"column":1}}},"2":{"name":"(anonymous_2)","decl":{"start":{"line":17,"column":27},"end":{"line":17,"column":28}},"loc":{"start":{"line":17,"column":77},"end":{"line":24,"column":1}}}},"branchMap":{"0":{"loc":{"start":{"line":9,"column":2},"end":{"line":14,"column":null}},"type":"if","locations":[{"start":{"line":9,"column":2},"end":{"line":14,"column":null}},{"start":{"line":9,"column":2},"end":{"line":14,"column":null}}]},"1":{"loc":{"start":{"line":19,"column":2},"end":{"line":23,"column":null}},"type":"if","locations":[{"start":{"line":19,"column":2},"end":{"line":23,"column":null}},{"start":{"line":19,"column":2},"end":{"line":23,"column":null}}]}},"s":{"0":1,"1":1,"2":0,"3":1,"4":1,"5":1,"6":1,"7":0,"8":1,"9":0,"10":0,"11":0,"12":0},"f":{"0":0,"1":1,"2":0},"b":{"0":[1,0],"1":[0,0]}}
,"C:\\Users\\yongj\\dev\\node\\20-1-lecture-alarm\\src\\utils\\httpErrors.ts": {"path":"C:\\Users\\yongj\\dev\\node\\20-1-lecture-alarm\\src\\utils\\httpErrors.ts","statementMap":{"0":{"start":{"line":6,"column":4},"end":{"line":10,"column":null}},"1":{"start":{"line":7,"column":6},"end":{"line":7,"column":37}},"2":{"start":{"line":9,"column":6},"end":{"line":9,"column":21}},"3":{"start":{"line":11,"column":4},"end":{"line":11,"column":38}},"4":{"start":{"line":12,"column":4},"end":{"line":12,"column":52}},"5":{"start":{"line":1,"column":0},"end":{"line":1,"column":22}},"6":{"start":{"line":20,"column":4},"end":{"line":20,"column":19}},"7":{"start":{"line":17,"column":11},"end":{"line":17,"column":28}},"8":{"start":{"line":16,"column":0},"end":{"line":16,"column":13}},"9":{"start":{"line":28,"column":4},"end":{"line":28,"column":19}},"10":{"start":{"line":25,"column":11},"end":{"line":25,"column":28}},"11":{"start":{"line":24,"column":0},"end":{"line":24,"column":13}}},"fnMap":{"0":{"name":"(anonymous_0)","decl":{"start":{"line":5,"column":2},"end":{"line":5,"column":14}},"loc":{"start":{"line":5,"column":38},"end":{"line":13,"column":3}}},"1":{"name":"(anonymous_1)","decl":{"start":{"line":19,"column":2},"end":{"line":19,"column":14}},"loc":{"start":{"line":19,"column":54},"end":{"line":21,"column":3}}},"2":{"name":"(anonymous_2)","decl":{"start":{"line":27,"column":2},"end":{"line":27,"column":14}},"loc":{"start":{"line":27,"column":52},"end":{"line":29,"column":3}}}},"branchMap":{"0":{"loc":{"start":{"line":6,"column":4},"end":{"line":10,"column":null}},"type":"if","locations":[{"start":{"line":6,"column":4},"end":{"line":10,"column":null}},{"start":{"line":6,"column":4},"end":{"line":10,"column":null}}]},"1":{"loc":{"start":{"line":19,"column":41},"end":{"line":19,"column":54}},"type":"default-arg","locations":[{"start":{"line":19,"column":41},"end":{"line":19,"column":54}}]},"2":{"loc":{"start":{"line":27,"column":41},"end":{"line":27,"column":52}},"type":"default-arg","locations":[{"start":{"line":27,"column":41},"end":{"line":27,"column":52}}]}},"s":{"0":1,"1":0,"2":1,"3":1,"4":1,"5":1,"6":1,"7":1,"8":1,"9":0,"10":0,"11":1},"f":{"0":1,"1":1,"2":0},"b":{"0":[0,1],"1":[0],"2":[0]}}
,"C:\\Users\\yongj\\dev\\node\\20-1-lecture-alarm\\src\\utils\\index.ts": {"path":"C:\\Users\\yongj\\dev\\node\\20-1-lecture-alarm\\src\\utils\\index.ts","statementMap":{"0":{"start":{"line":5,"column":13},"end":{"line":9,"column":2}},"1":{"start":{"line":6,"column":2},"end":{"line":8,"column":null}},"2":{"start":{"line":7,"column":4},"end":{"line":7,"column":14}},"3":{"start":{"line":23,"column":13},"end":{"line":28,"column":2}},"4":{"start":{"line":24,"column":2},"end":{"line":27,"column":null}},"5":{"start":{"line":25,"column":38},"end":{"line":25,"column":43}},"6":{"start":{"line":26,"column":5},"end":{"line":26,"column":43}}},"fnMap":{"0":{"name":"(anonymous_0)","decl":{"start":{"line":5,"column":31},"end":{"line":5,"column":32}},"loc":{"start":{"line":5,"column":73},"end":{"line":9,"column":1}}},"1":{"name":"(anonymous_1)","decl":{"start":{"line":23,"column":27},"end":{"line":23,"column":28}},"loc":{"start":{"line":23,"column":63},"end":{"line":28,"column":1}}}},"branchMap":{},"s":{"0":1,"1":4,"2":14,"3":1,"4":2,"5":2,"6":2},"f":{"0":4,"1":2},"b":{}}
}
