TN:
SF:src\middleware\apiDocs.ts
FN:5,(anonymous_1)
FNF:1
FNH:1
FNDA:2,(anonymous_1)
DA:2,1
DA:3,1
DA:5,1
DA:6,2
LF:4
LH:4
BRF:0
BRH:0
end_of_record
TN:
SF:src\middleware\checks.ts
FN:4,(anonymous_0)
FNF:1
FNH:1
FNDA:2,(anonymous_0)
DA:2,1
DA:4,1
DA:9,2
DA:10,1
DA:12,1
LF:5
LH:5
BRDA:9,0,0,1
BRDA:9,0,1,1
BRF:2
BRH:2
end_of_record
TN:
SF:src\middleware\common.ts
FN:6,(anonymous_1)
FN:9,(anonymous_2)
FN:14,(anonymous_3)
FNF:3
FNH:3
FNDA:2,(anonymous_1)
FNDA:2,(anonymous_2)
FNDA:2,(anonymous_3)
DA:2,1
DA:3,1
DA:4,1
DA:6,1
DA:7,2
DA:9,1
DA:10,2
DA:11,2
DA:14,1
DA:15,2
LF:10
LH:10
BRF:0
BRH:0
end_of_record
TN:
SF:src\middleware\errorHandlers.ts
FN:4,(anonymous_1)
FN:5,(anonymous_2)
FN:10,(anonymous_3)
FN:11,(anonymous_4)
FN:16,(anonymous_5)
FN:17,(anonymous_6)
FNF:6
FNH:4
FNDA:2,(anonymous_1)
FNDA:0,(anonymous_2)
FNDA:2,(anonymous_3)
FNDA:1,(anonymous_4)
FNDA:2,(anonymous_5)
FNDA:0,(anonymous_6)
DA:2,1
DA:4,1
DA:5,2
DA:6,0
DA:10,1
DA:11,2
DA:12,1
DA:16,1
DA:17,2
DA:18,0
DA:22,1
LF:11
LH:9
BRF:0
BRH:0
end_of_record
TN:
SF:src\middleware\index.ts
FNF:0
FNH:0
DA:1,1
DA:7,1
DA:9,1
LF:3
LH:3
BRF:0
BRH:0
end_of_record
TN:
SF:src\services\search\SearchController.ts
FNF:0
FNH:0
DA:1,1
DA:3,1
LF:2
LH:2
BRF:0
BRH:0
end_of_record
TN:
SF:src\services\search\routes.ts
FN:11,(anonymous_7)
FN:11,(anonymous_8)
FNF:2
FNH:2
FNDA:1,(anonymous_7)
FNDA:1,(anonymous_8)
DA:2,1
DA:3,1
DA:5,1
DA:11,1
DA:12,1
DA:13,1
LF:6
LH:6
BRF:0
BRH:0
end_of_record
TN:
SF:src\services\search\providers\LectureProvider.ts
FN:20,(anonymous_8)
FN:32,(anonymous_9)
FN:35,(anonymous_10)
FN:41,isEmpty
FN:49,(anonymous_12)
FN:49,(anonymous_13)
FN:56,(anonymous_14)
FN:61,(anonymous_15)
FNF:8
FNH:8
FNDA:2,(anonymous_8)
FNDA:2,(anonymous_9)
FNDA:10,(anonymous_10)
FNDA:2,isEmpty
FNDA:2,(anonymous_12)
FNDA:2,(anonymous_13)
FNDA:4,(anonymous_14)
FNDA:10,(anonymous_15)
DA:1,2
DA:2,2
DA:18,2
DA:20,2
DA:21,2
DA:32,2
DA:33,2
DA:35,2
DA:36,10
DA:42,2
DA:43,2
DA:45,0
DA:49,2
DA:50,2
DA:51,2
DA:53,2
DA:55,2
DA:57,4
DA:59,2
DA:61,2
DA:62,10
DA:65,2
DA:75,2
DA:79,2
LF:24
LH:23
BRDA:26,0,0,2
BRDA:26,0,1,0
BRDA:43,1,0,2
BRDA:43,1,1,2
BRDA:57,2,0,2
BRDA:57,2,1,2
BRF:6
BRH:5
end_of_record
TN:
SF:src\utils\ErrorHandler.ts
FN:4,(anonymous_0)
FN:8,(anonymous_1)
FN:17,(anonymous_2)
FNF:3
FNH:1
FNDA:0,(anonymous_0)
FNDA:1,(anonymous_1)
FNDA:0,(anonymous_2)
DA:2,1
DA:4,1
DA:5,0
DA:8,1
DA:9,1
DA:10,1
DA:11,1
DA:13,0
DA:17,1
DA:18,0
DA:19,0
DA:20,0
DA:22,0
LF:13
LH:7
BRDA:9,0,0,1
BRDA:9,0,1,0
BRDA:19,1,0,0
BRDA:19,1,1,0
BRF:4
BRH:1
end_of_record
TN:
SF:src\utils\httpErrors.ts
FN:5,(anonymous_0)
FN:19,(anonymous_1)
FN:27,(anonymous_2)
FNF:3
FNH:2
FNDA:1,(anonymous_0)
FNDA:1,(anonymous_1)
FNDA:0,(anonymous_2)
DA:1,1
DA:6,1
DA:7,0
DA:9,1
DA:11,1
DA:12,1
DA:16,1
DA:17,1
DA:20,1
DA:24,1
DA:25,0
DA:28,0
LF:12
LH:9
BRDA:6,0,0,0
BRDA:6,0,1,1
BRDA:19,1,0,0
BRDA:27,2,0,0
BRF:4
BRH:1
end_of_record
TN:
SF:src\utils\index.ts
FN:5,(anonymous_0)
FN:23,(anonymous_1)
FNF:2
FNH:2
FNDA:4,(anonymous_0)
FNDA:2,(anonymous_1)
DA:5,1
DA:6,4
DA:7,14
DA:23,1
DA:24,2
DA:25,2
DA:26,2
LF:7
LH:7
BRF:0
BRH:0
end_of_record
